<?xml version="1.0" encoding="UTF-8"?>
<testng-results ignored="0" total="1" passed="1" failed="0" skipped="0">
  <reporter-output>
  </reporter-output>
  <suite started-at="2023-10-21T13:24:28 BST" name="Surefire suite" finished-at="2023-10-21T13:24:38 BST" duration-ms="10418">
    <groups>
    </groups>
    <test started-at="2023-10-21T13:24:28 BST" name="Surefire test" finished-at="2023-10-21T13:24:38 BST" duration-ms="10418">
      <class name="com.blazinchat.BlazingTest">
        <test-method is-config="true" signature="setUp()[pri:0, instance:com.blazinchat.BlazingTest@662ac478]" started-at="2023-10-21T13:24:28 BST" name="setUp" finished-at="2023-10-21T13:24:34 BST" duration-ms="6112" status="PASS">
          <reporter-output>
          </reporter-output>
        </test-method> <!-- setUp -->
        <test-method signature="testOpenLogIn()[pri:0, instance:com.blazinchat.BlazingTest@662ac478]" started-at="2023-10-21T13:24:34 BST" name="testOpenLogIn" finished-at="2023-10-21T13:24:38 BST" duration-ms="3771" status="PASS">
          <reporter-output>
          </reporter-output>
        </test-method> <!-- testOpenLogIn -->
        <test-method is-config="true" signature="tearDown()[pri:0, instance:com.blazinchat.BlazingTest@662ac478]" started-at="2023-10-21T13:24:38 BST" name="tearDown" finished-at="2023-10-21T13:24:38 BST" duration-ms="473" status="PASS">
          <reporter-output>
          </reporter-output>
        </test-method> <!-- tearDown -->
      </class> <!-- com.blazinchat.BlazingTest -->
    </test> <!-- Surefire test -->
  </suite> <!-- Surefire suite -->
</testng-results>
