<?xml version="1.0" encoding="UTF-8"?>
<testsuite xmlns:xsi="http://www.w3.org/2001/XMLSchema-instance" xsi:noNamespaceSchemaLocation="https://maven.apache.org/surefire/maven-surefire-plugin/xsd/surefire-test-report.xsd" name="TestSuite" time="18.32" tests="2" errors="0" skipped="0" failures="0">
  <properties>
[...]
</properties>
  <testcase name="testApi" classname="com.blazinchat.ApiTest" time="4.528"/>
  <testcase name="testOpenLogIn" classname="com.blazinchat.BlazingTest" time="4.93"/>
</testsuite>